# JRE version: OpenJDK Runtime Environment JBR-17.0.6+10-829.5-jcef (17.0.6+10) (build 17.0.6+10-b829.5)
# Java VM: OpenJDK 64-Bit Server VM JBR-17.0.6+10-829.5-jcef (17.0.6+10-b829.5, mixed mode, tiered, compressed oops, compressed class ptrs, g1 gc, windows-amd64)
GC Precious Log:
 CPUs: 4 total, 4 available
 Memory: 16249M
 Large Page Support: Disabled
 NUMA Support: Disabled
 Compressed Oops: Enabled (32-bit)
 Heap Region Size: 1M
 Heap Min Capacity: 128M
 Heap Initial Capacity: 128M
 Heap Max Capacity: 750M
 Pre-touch: Disabled
 Parallel Workers: 4
 Concurrent Workers: 1
 Concurrent Refinement Workers: 4
 Periodic GC: Disabled
Heap:
 garbage-first heap   total 250880K, used 175104K [0x00000000d1200000, 0x0000000100000000)
  region size 1024K, 5 young (5120K), 5 survivors (5120K)
 Metaspace       used 43493K, committed 43840K, reserved 1089536K
  class space    used 4832K, committed 4992K, reserved 1048576K
GC Heap History (20 events):
Event: 4.077 GC heap after
{Heap after GC invocations=7 (full 0):
 garbage-first heap   total 131072K, used 46357K [0x00000000d1200000, 0x0000000100000000)
  region size 1024K, 7 young (7168K), 7 survivors (7168K)
 Metaspace       used 41939K, committed 42304K, reserved 1089536K
  class space    used 4748K, committed 4928K, reserved 1048576K
}
Event: 4.188 GC heap before
{Heap before GC invocations=7 (full 0):
 garbage-first heap   total 131072K, used 78101K [0x00000000d1200000, 0x0000000100000000)
  region size 1024K, 8 young (8192K), 7 survivors (7168K)
 Metaspace       used 42016K, committed 42368K, reserved 1089536K
  class space    used 4757K, committed 4928K, reserved 1048576K
}
Event: 4.195 GC heap after
{Heap after GC invocations=8 (full 0):
 garbage-first heap   total 131072K, used 62225K [0x00000000d1200000, 0x0000000100000000)
  region size 1024K, 3 young (3072K), 3 survivors (3072K)
 Metaspace       used 42016K, committed 42368K, reserved 1089536K
  class space    used 4757K, committed 4928K, reserved 1048576K
}
Event: 4.673 GC heap before
{Heap before GC invocations=9 (full 0):
 garbage-first heap   total 160768K, used 104209K [0x00000000d1200000, 0x0000000100000000)
  region size 1024K, 14 young (14336K), 3 survivors (3072K)
 Metaspace       used 42767K, committed 43136K, reserved 1089536K
  class space    used 4797K, committed 4992K, reserved 1048576K
}
Event: 4.681 GC heap after
{Heap after GC invocations=10 (full 0):
 garbage-first heap   total 160768K, used 50009K [0x00000000d1200000, 0x0000000100000000)
  region size 1024K, 6 young (6144K), 6 survivors (6144K)
 Metaspace       used 42767K, committed 43136K, reserved 1089536K
  class space    used 4797K, committed 4992K, reserved 1048576K
}
Event: 5.654 GC heap before
{Heap before GC invocations=10 (full 0):
 garbage-first heap   total 160768K, used 124761K [0x00000000d1200000, 0x0000000100000000)
  region size 1024K, 71 young (72704K), 6 survivors (6144K)
 Metaspace       used 43209K, committed 43520K, reserved 1089536K
  class space    used 4824K, committed 4992K, reserved 1048576K
}
Event: 5.693 GC heap after
{Heap after GC invocations=11 (full 0):
 garbage-first heap   total 162816K, used 86511K [0x00000000d1200000, 0x0000000100000000)
  region size 1024K, 9 young (9216K), 9 survivors (9216K)
 Metaspace       used 43209K, committed 43520K, reserved 1089536K
  class space    used 4824K, committed 4992K, reserved 1048576K
}
Event: 6.046 GC heap before
{Heap before GC invocations=11 (full 0):
 garbage-first heap   total 162816K, used 119279K [0x00000000d1200000, 0x0000000100000000)
  region size 1024K, 41 young (41984K), 9 survivors (9216K)
 Metaspace       used 43299K, committed 43648K, reserved 1089536K
  class space    used 4824K, committed 4992K, reserved 1048576K
}
Event: 6.076 GC heap after
{Heap after GC invocations=12 (full 0):
 garbage-first heap   total 162816K, used 102400K [0x00000000d1200000, 0x0000000100000000)
  region size 1024K, 6 young (6144K), 6 survivors (6144K)
 Metaspace       used 43299K, committed 43648K, reserved 1089536K
  class space    used 4824K, committed 4992K, reserved 1048576K
}
Event: 6.324 GC heap before
{Heap before GC invocations=13 (full 0):
 garbage-first heap   total 193536K, used 124928K [0x00000000d1200000, 0x0000000100000000)
  region size 1024K, 28 young (28672K), 6 survivors (6144K)
 Metaspace       used 43287K, committed 43648K, reserved 1089536K
  class space    used 4822K, committed 4992K, reserved 1048576K
}
Event: 6.340 GC heap after
{Heap after GC invocations=14 (full 0):
 garbage-first heap   total 193536K, used 113664K [0x00000000d1200000, 0x0000000100000000)
  region size 1024K, 4 young (4096K), 4 survivors (4096K)
 Metaspace       used 43287K, committed 43648K, reserved 1089536K
  class space    used 4822K, committed 4992K, reserved 1048576K
}
Event: 6.378 GC heap before
{Heap before GC invocations=14 (full 0):
 garbage-first heap   total 193536K, used 118784K [0x00000000d1200000, 0x0000000100000000)
  region size 1024K, 9 young (9216K), 4 survivors (4096K)
 Metaspace       used 43288K, committed 43648K, reserved 1089536K
  class space    used 4822K, committed 4992K, reserved 1048576K
}
Event: 6.403 GC heap after
{Heap after GC invocations=15 (full 0):
 garbage-first heap   total 193536K, used 117248K [0x00000000d1200000, 0x0000000100000000)
  region size 1024K, 2 young (2048K), 2 survivors (2048K)
 Metaspace       used 43288K, committed 43648K, reserved 1089536K
  class space    used 4822K, committed 4992K, reserved 1048576K
}
Event: 6.640 GC heap before
{Heap before GC invocations=15 (full 0):
 garbage-first heap   total 193536K, used 144896K [0x00000000d1200000, 0x0000000100000000)
  region size 1024K, 29 young (29696K), 2 survivors (2048K)
 Metaspace       used 43302K, committed 43648K, reserved 1089536K
  class space    used 4822K, committed 4992K, reserved 1048576K
}
Event: 6.653 GC heap after
{Heap after GC invocations=16 (full 0):
 garbage-first heap   total 193536K, used 130048K [0x00000000d1200000, 0x0000000100000000)
  region size 1024K, 4 young (4096K), 4 survivors (4096K)
 Metaspace       used 43302K, committed 43648K, reserved 1089536K
  class space    used 4822K, committed 4992K, reserved 1048576K
}
Event: 6.893 GC heap before
{Heap before GC invocations=16 (full 0):
 garbage-first heap   total 250880K, used 151552K [0x00000000d1200000, 0x0000000100000000)
  region size 1024K, 25 young (25600K), 4 survivors (4096K)
 Metaspace       used 43330K, committed 43648K, reserved 1089536K
  class space    used 4822K, committed 4992K, reserved 1048576K
}
Event: 6.912 GC heap after
{Heap after GC invocations=17 (full 0):
 garbage-first heap   total 250880K, used 140208K [0x00000000d1200000, 0x0000000100000000)
  region size 1024K, 4 young (4096K), 4 survivors (4096K)
 Metaspace       used 43330K, committed 43648K, reserved 1089536K
  class space    used 4822K, committed 4992K, reserved 1048576K
}
Event: 7.242 GC heap before
{Heap before GC invocations=18 (full 0):
 garbage-first heap   total 250880K, used 181168K [0x00000000d1200000, 0x0000000100000000)
  region size 1024K, 44 young (45056K), 4 survivors (4096K)
 Metaspace       used 43487K, committed 43840K, reserved 1089536K
  class space    used 4831K, committed 4992K, reserved 1048576K
}
Event: 7.265 GC heap after
{Heap after GC invocations=19 (full 0):
 garbage-first heap   total 250880K, used 160683K [0x00000000d1200000, 0x0000000100000000)
  region size 1024K, 6 young (6144K), 6 survivors (6144K)
 Metaspace       used 43487K, committed 43840K, reserved 1089536K
  class space    used 4831K, committed 4992K, reserved 1048576K
}
Event: 7.420 GC heap before
{Heap before GC invocations=19 (full 0):
 garbage-first heap   total 250880K, used 191403K [0x00000000d1200000, 0x0000000100000000)
  region size 1024K, 36 young (36864K), 6 survivors (6144K)
 Metaspace       used 43493K, committed 43840K, reserved 1089536K
  class space    used 4832K, committed 4992K, reserved 1048576K
}

